2017-12-19 14:21:36,183=>STREAM b'IHDR' 16 13
2017-12-19 14:21:36,184=>STREAM b'bKGD' 41 6
2017-12-19 14:21:36,184=>b'bKGD' 41 6 (unknown)
2017-12-19 14:21:36,184=>STREAM b'pHYs' 59 9
2017-12-19 14:21:36,185=>STREAM b'IDAT' 80 32768
2017-12-19 14:21:36,185=>go_to_end start: ways={'0': [(639, 0)]}
2017-12-19 14:21:36,185=>now is (639, 0) finding next_point
2017-12-19 14:21:36,203=>return points=[(639, 1)]
2017-12-19 14:21:36,203=>go_to_end start: ways={'0': [(639, 0), (639, 1)]}
2017-12-19 14:21:36,203=>now is (639, 1) finding next_point
2017-12-19 14:21:36,204=>removing (639, 0)
2017-12-19 14:21:36,204=>return points=[(639, 2)]
2017-12-19 14:21:36,204=>go_to_end start: ways={'0': [(639, 0), (639, 1), (639, 2)]}
2017-12-19 14:21:36,204=>now is (639, 2) finding next_point
2017-12-19 14:21:36,204=>removing (639, 1)
2017-12-19 14:21:36,205=>return points=[(639, 3)]
2017-12-19 14:21:36,205=>go_to_end start: ways={'0': [(639, 0), (639, 1), (639, 2), (639, 3)]}
2017-12-19 14:21:36,205=>now is (639, 3) finding next_point
2017-12-19 14:21:36,205=>removing (639, 2)
2017-12-19 14:21:36,205=>return points=[(639, 4)]
2017-12-19 14:21:36,205=>go_to_end start: ways={'0': [(639, 0), (639, 1), (639, 2), (639, 3), (639, 4)]}
2017-12-19 14:21:36,206=>now is (639, 4) finding next_point
2017-12-19 14:21:36,206=>removing (639, 3)
2017-12-19 14:21:36,206=>return points=[(639, 5)]
2017-12-19 14:21:36,206=>go_to_end start: ways={'0': [(639, 0), (639, 1), (639, 2), (639, 3), (639, 4), (639, 5)]}
2017-12-19 14:21:36,206=>now is (639, 5) finding next_point
2017-12-19 14:21:36,206=>removing (639, 4)
2017-12-19 14:21:36,207=>return points=[(639, 6)]
2017-12-19 14:21:36,207=>go_to_end start: ways={'0': [(639, 0), (639, 1), (639, 2), (639, 3), (639, 4), (639, 5), (639, 6)]}
2017-12-19 14:21:36,207=>now is (639, 6) finding next_point
2017-12-19 14:21:36,207=>removing (639, 5)
2017-12-19 14:21:36,207=>return points=[(639, 7)]
2017-12-19 14:21:36,207=>go_to_end start: ways={'0': [(639, 0), (639, 1), (639, 2), (639, 3), (639, 4), (639, 5), (639, 6), (639, 7)]}
2017-12-19 14:21:36,207=>now is (639, 7) finding next_point
2017-12-19 14:21:36,208=>removing (639, 6)
2017-12-19 14:21:36,208=>return points=[(639, 8)]
2017-12-19 14:21:36,208=>go_to_end start: ways={'0': [(639, 0), (639, 1), (639, 2), (639, 3), (639, 4), (639, 5), (639, 6), (639, 7), (639, 8)]}
2017-12-19 14:21:36,208=>now is (639, 8) finding next_point
2017-12-19 14:21:36,208=>removing (639, 7)
2017-12-19 14:21:36,208=>return points=[(639, 9)]
2017-12-19 14:21:36,209=>go_to_end start: ways={'0': [(639, 0), (639, 1), (639, 2), (639, 3), (639, 4), (639, 5), (639, 6), (639, 7), (639, 8), (639, 9)]}
2017-12-19 14:21:36,209=>now is (639, 9) finding next_point
2017-12-19 14:21:36,209=>removing (639, 8)
2017-12-19 14:21:36,209=>return points=[(639, 10)]
2017-12-19 14:21:36,209=>go_to_end start: ways={'0': [(639, 0), (639, 1), (639, 2), (639, 3), (639, 4), (639, 5), (639, 6), (639, 7), (639, 8), (639, 9), (639, 10)]}
2017-12-19 14:21:36,209=>now is (639, 10) finding next_point
2017-12-19 14:21:36,210=>removing (639, 9)
2017-12-19 14:21:36,210=>return points=[(639, 11)]
2017-12-19 14:21:36,210=>go_to_end start: ways={'0': [(639, 0), (639, 1), (639, 2), (639, 3), (639, 4), (639, 5), (639, 6), (639, 7), (639, 8), (639, 9), (639, 10), (639, 11)]}
2017-12-19 14:21:36,211=>now is (639, 11) finding next_point
2017-12-19 14:21:36,211=>removing (639, 10)
2017-12-19 14:21:36,211=>return points=[(638, 11)]
2017-12-19 14:21:36,212=>go_to_end start: ways={'0': [(639, 0), (639, 1), (639, 2), (639, 3), (639, 4), (639, 5), (639, 6), (639, 7), (639, 8), (639, 9), (639, 10), (639, 11), (638, 11)]}
2017-12-19 14:21:36,212=>now is (638, 11) finding next_point
2017-12-19 14:21:36,212=>removing (639, 11)
2017-12-19 14:21:36,213=>return points=[(637, 11)]
2017-12-19 14:21:36,213=>go_to_end start: ways={'0': [(639, 0), (639, 1), (639, 2), (639, 3), (639, 4), (639, 5), (639, 6), (639, 7), (639, 8), (639, 9), (639, 10), (639, 11), (638, 11), (637, 11)]}
2017-12-19 14:21:36,213=>now is (637, 11) finding next_point
2017-12-19 14:21:36,214=>removing (638, 11)
2017-12-19 14:21:36,214=>return points=[(636, 11)]
2017-12-19 14:21:36,214=>go_to_end start: ways={'0': [(639, 0), (639, 1), (639, 2), (639, 3), (639, 4), (639, 5), (639, 6), (639, 7), (639, 8), (639, 9), (639, 10), (639, 11), (638, 11), (637, 11), (636, 11)]}
2017-12-19 14:21:36,214=>now is (636, 11) finding next_point
2017-12-19 14:21:36,215=>removing (637, 11)
2017-12-19 14:21:36,215=>return points=[(635, 11)]
2017-12-19 14:21:36,215=>go_to_end start: ways={'0': [(639, 0), (639, 1), (639, 2), (639, 3), (639, 4), (639, 5), (639, 6), (639, 7), (639, 8), (639, 9), (639, 10), (639, 11), (638, 11), (637, 11), (636, 11), (635, 11)]}
2017-12-19 14:21:36,215=>now is (635, 11) finding next_point
2017-12-19 14:21:36,215=>removing (636, 11)
2017-12-19 14:21:36,215=>return points=[(635, 12)]
2017-12-19 14:21:36,216=>go_to_end start: ways={'0': [(639, 0), (639, 1), (639, 2), (639, 3), (639, 4), (639, 5), (639, 6), (639, 7), (639, 8), (639, 9), (639, 10), (639, 11), (638, 11), (637, 11), (636, 11), (635, 11), (635, 12)]}
2017-12-19 14:21:36,216=>now is (635, 12) finding next_point
2017-12-19 14:21:36,216=>removing (635, 11)
2017-12-19 14:21:36,217=>return points=[(635, 13)]
2017-12-19 14:21:36,217=>go_to_end start: ways={'0': [(639, 0), (639, 1), (639, 2), (639, 3), (639, 4), (639, 5), (639, 6), (639, 7), (639, 8), (639, 9), (639, 10), (639, 11), (638, 11), (637, 11), (636, 11), (635, 11), (635, 12), (635, 13)]}
2017-12-19 14:21:36,217=>now is (635, 13) finding next_point
2017-12-19 14:21:36,217=>removing (635, 12)
2017-12-19 14:21:36,218=>return points=[(635, 14)]
2017-12-19 14:21:36,218=>go_to_end start: ways={'0': [(639, 0), (639, 1), (639, 2), (639, 3), (639, 4), (639, 5), (639, 6), (639, 7), (639, 8), (639, 9), (639, 10), (639, 11), (638, 11), (637, 11), (636, 11), (635, 11), (635, 12), (635, 13), (635, 14)]}
2017-12-19 14:21:36,218=>now is (635, 14) finding next_point
2017-12-19 14:21:36,218=>removing (635, 13)
2017-12-19 14:21:36,218=>return points=[(635, 15)]
2017-12-19 14:21:36,218=>go_to_end start: ways={'0': [(639, 0), (639, 1), (639, 2), (639, 3), (639, 4), (639, 5), (639, 6), (639, 7), (639, 8), (639, 9), (639, 10), (639, 11), (638, 11), (637, 11), (636, 11), (635, 11), (635, 12), (635, 13), (635, 14), (635, 15)]}
2017-12-19 14:21:36,219=>now is (635, 15) finding next_point
2017-12-19 14:21:36,219=>removing (635, 14)
2017-12-19 14:21:36,219=>return points=[(635, 16)]
2017-12-19 14:21:36,219=>go_to_end start: ways={'0': [(639, 0), (639, 1), (639, 2), (639, 3), (639, 4), (639, 5), (639, 6), (639, 7), (639, 8), (639, 9), (639, 10), (639, 11), (638, 11), (637, 11), (636, 11), (635, 11), (635, 12), (635, 13), (635, 14), (635, 15), (635, 16)]}
2017-12-19 14:21:36,219=>now is (635, 16) finding next_point
2017-12-19 14:21:36,220=>removing (635, 15)
2017-12-19 14:21:36,220=>return points=[(635, 17)]
2017-12-19 14:21:36,220=>go_to_end start: ways={'0': [(639, 0), (639, 1), (639, 2), (639, 3), (639, 4), (639, 5), (639, 6), (639, 7), (639, 8), (639, 9), (639, 10), (639, 11), (638, 11), (637, 11), (636, 11), (635, 11), (635, 12), (635, 13), (635, 14), (635, 15), (635, 16), (635, 17)]}
2017-12-19 14:21:36,220=>now is (635, 17) finding next_point
2017-12-19 14:21:36,220=>removing (635, 16)
2017-12-19 14:21:36,220=>return points=[(636, 17)]
2017-12-19 14:21:36,221=>go_to_end start: ways={'0': [(639, 0), (639, 1), (639, 2), (639, 3), (639, 4), (639, 5), (639, 6), (639, 7), (639, 8), (639, 9), (639, 10), (639, 11), (638, 11), (637, 11), (636, 11), (635, 11), (635, 12), (635, 13), (635, 14), (635, 15), (635, 16), (635, 17), (636, 17)]}
2017-12-19 14:21:36,221=>now is (636, 17) finding next_point
2017-12-19 14:21:36,221=>removing (635, 17)
2017-12-19 14:21:36,221=>return points=[(637, 17)]
2017-12-19 14:21:36,221=>go_to_end start: ways={'0': [(639, 0), (639, 1), (639, 2), (639, 3), (639, 4), (639, 5), (639, 6), (639, 7), (639, 8), (639, 9), (639, 10), (639, 11), (638, 11), (637, 11), (636, 11), (635, 11), (635, 12), (635, 13), (635, 14), (635, 15), (635, 16), (635, 17), (636, 17), (637, 17)]}
2017-12-19 14:21:36,221=>now is (637, 17) finding next_point
2017-12-19 14:21:36,222=>removing (636, 17)
2017-12-19 14:21:36,222=>return points=[(637, 16)]
2017-12-19 14:21:36,222=>go_to_end start: ways={'0': [(639, 0), (639, 1), (639, 2), (639, 3), (639, 4), (639, 5), (639, 6), (639, 7), (639, 8), (639, 9), (639, 10), (639, 11), (638, 11), (637, 11), (636, 11), (635, 11), (635, 12), (635, 13), (635, 14), (635, 15), (635, 16), (635, 17), (636, 17), (637, 17), (637, 16)]}
2017-12-19 14:21:36,222=>now is (637, 16) finding next_point
2017-12-19 14:21:36,223=>removing (637, 17)
2017-12-19 14:21:36,223=>return points=[(637, 15)]
2017-12-19 14:21:36,223=>go_to_end start: ways={'0': [(639, 0), (639, 1), (639, 2), (639, 3), (639, 4), (639, 5), (639, 6), (639, 7), (639, 8), (639, 9), (639, 10), (639, 11), (638, 11), (637, 11), (636, 11), (635, 11), (635, 12), (635, 13), (635, 14), (635, 15), (635, 16), (635, 17), (636, 17), (637, 17), (637, 16), (637, 15)]}
2017-12-19 14:21:36,223=>now is (637, 15) finding next_point
2017-12-19 14:21:36,223=>removing (637, 16)
2017-12-19 14:21:36,224=>return points=[(637, 14)]
2017-12-19 14:21:36,224=>go_to_end start: ways={'0': [(639, 0), (639, 1), (639, 2), (639, 3), (639, 4), (639, 5), (639, 6), (639, 7), (639, 8), (639, 9), (639, 10), (639, 11), (638, 11), (637, 11), (636, 11), (635, 11), (635, 12), (635, 13), (635, 14), (635, 15), (635, 16), (635, 17), (636, 17), (637, 17), (637, 16), (637, 15), (637, 14)]}
2017-12-19 14:21:36,224=>now is (637, 14) finding next_point
2017-12-19 14:21:36,224=>removing (637, 15)
2017-12-19 14:21:36,224=>return points=[(637, 13)]
2017-12-19 14:21:36,224=>go_to_end start: ways={'0': [(639, 0), (639, 1), (639, 2), (639, 3), (639, 4), (639, 5), (639, 6), (639, 7), (639, 8), (639, 9), (639, 10), (639, 11), (638, 11), (637, 11), (636, 11), (635, 11), (635, 12), (635, 13), (635, 14), (635, 15), (635, 16), (635, 17), (636, 17), (637, 17), (637, 16), (637, 15), (637, 14), (637, 13)]}
2017-12-19 14:21:36,225=>now is (637, 13) finding next_point
2017-12-19 14:21:36,225=>removing (637, 14)
2017-12-19 14:21:36,225=>return points=[(638, 13)]
2017-12-19 14:21:36,225=>go_to_end start: ways={'0': [(639, 0), (639, 1), (639, 2), (639, 3), (639, 4), (639, 5), (639, 6), (639, 7), (639, 8), (639, 9), (639, 10), (639, 11), (638, 11), (637, 11), (636, 11), (635, 11), (635, 12), (635, 13), (635, 14), (635, 15), (635, 16), (635, 17), (636, 17), (637, 17), (637, 16), (637, 15), (637, 14), (637, 13), (638, 13)]}
2017-12-19 14:21:36,225=>now is (638, 13) finding next_point
2017-12-19 14:21:36,225=>removing (637, 13)
2017-12-19 14:21:36,226=>return points=[(639, 13)]
2017-12-19 14:21:36,226=>go_to_end start: ways={'0': [(639, 0), (639, 1), (639, 2), (639, 3), (639, 4), (639, 5), (639, 6), (639, 7), (639, 8), (639, 9), (639, 10), (639, 11), (638, 11), (637, 11), (636, 11), (635, 11), (635, 12), (635, 13), (635, 14), (635, 15), (635, 16), (635, 17), (636, 17), (637, 17), (637, 16), (637, 15), (637, 14), (637, 13), (638, 13), (639, 13)]}
2017-12-19 14:21:36,226=>now is (639, 13) finding next_point
2017-12-19 14:21:36,226=>removing (638, 13)
2017-12-19 14:21:36,226=>return points=[(639, 14)]
2017-12-19 14:21:36,227=>go_to_end start: ways={'0': [(639, 0), (639, 1), (639, 2), (639, 3), (639, 4), (639, 5), (639, 6), (639, 7), (639, 8), (639, 9), (639, 10), (639, 11), (638, 11), (637, 11), (636, 11), (635, 11), (635, 12), (635, 13), (635, 14), (635, 15), (635, 16), (635, 17), (636, 17), (637, 17), (637, 16), (637, 15), (637, 14), (637, 13), (638, 13), (639, 13), (639, 14)]}
2017-12-19 14:21:36,227=>now is (639, 14) finding next_point
2017-12-19 14:21:36,227=>removing (639, 13)
2017-12-19 14:21:36,227=>return points=[(639, 15)]
2017-12-19 14:21:36,227=>go_to_end start: ways={'0': [(639, 0), (639, 1), (639, 2), (639, 3), (639, 4), (639, 5), (639, 6), (639, 7), (639, 8), (639, 9), (639, 10), (639, 11), (638, 11), (637, 11), (636, 11), (635, 11), (635, 12), (635, 13), (635, 14), (635, 15), (635, 16), (635, 17), (636, 17), (637, 17), (637, 16), (637, 15), (637, 14), (637, 13), (638, 13), (639, 13), (639, 14), (639, 15)]}
2017-12-19 14:21:36,227=>now is (639, 15) finding next_point
2017-12-19 14:21:36,228=>removing (639, 14)
2017-12-19 14:21:36,228=>return points=[(639, 16)]
2017-12-19 14:21:36,228=>go_to_end start: ways={'0': [(639, 0), (639, 1), (639, 2), (639, 3), (639, 4), (639, 5), (639, 6), (639, 7), (639, 8), (639, 9), (639, 10), (639, 11), (638, 11), (637, 11), (636, 11), (635, 11), (635, 12), (635, 13), (635, 14), (635, 15), (635, 16), (635, 17), (636, 17), (637, 17), (637, 16), (637, 15), (637, 14), (637, 13), (638, 13), (639, 13), (639, 14), (639, 15), (639, 16)]}
2017-12-19 14:21:36,228=>now is (639, 16) finding next_point
2017-12-19 14:21:36,228=>removing (639, 15)
2017-12-19 14:21:36,229=>return points=[(639, 17)]
2017-12-19 14:21:36,229=>go_to_end start: ways={'0': [(639, 0), (639, 1), (639, 2), (639, 3), (639, 4), (639, 5), (639, 6), (639, 7), (639, 8), (639, 9), (639, 10), (639, 11), (638, 11), (637, 11), (636, 11), (635, 11), (635, 12), (635, 13), (635, 14), (635, 15), (635, 16), (635, 17), (636, 17), (637, 17), (637, 16), (637, 15), (637, 14), (637, 13), (638, 13), (639, 13), (639, 14), (639, 15), (639, 16), (639, 17)]}
2017-12-19 14:21:36,229=>now is (639, 17) finding next_point
2017-12-19 14:21:36,229=>removing (639, 16)
2017-12-19 14:21:36,229=>return points=[(639, 18)]
2017-12-19 14:21:36,229=>go_to_end start: ways={'0': [(639, 0), (639, 1), (639, 2), (639, 3), (639, 4), (639, 5), (639, 6), (639, 7), (639, 8), (639, 9), (639, 10), (639, 11), (638, 11), (637, 11), (636, 11), (635, 11), (635, 12), (635, 13), (635, 14), (635, 15), (635, 16), (635, 17), (636, 17), (637, 17), (637, 16), (637, 15), (637, 14), (637, 13), (638, 13), (639, 13), (639, 14), (639, 15), (639, 16), (639, 17), (639, 18)]}
2017-12-19 14:21:36,230=>now is (639, 18) finding next_point
2017-12-19 14:21:36,230=>removing (639, 17)
2017-12-19 14:21:36,230=>return points=[(639, 19)]
2017-12-19 14:21:36,230=>go_to_end start: ways={'0': [(639, 0), (639, 1), (639, 2), (639, 3), (639, 4), (639, 5), (639, 6), (639, 7), (639, 8), (639, 9), (639, 10), (639, 11), (638, 11), (637, 11), (636, 11), (635, 11), (635, 12), (635, 13), (635, 14), (635, 15), (635, 16), (635, 17), (636, 17), (637, 17), (637, 16), (637, 15), (637, 14), (637, 13), (638, 13), (639, 13), (639, 14), (639, 15), (639, 16), (639, 17), (639, 18), (639, 19)]}
2017-12-19 14:21:36,230=>now is (639, 19) finding next_point
2017-12-19 14:21:36,230=>removing (639, 18)
2017-12-19 14:21:36,231=>return points=[(639, 20)]
2017-12-19 14:21:36,231=>go_to_end start: ways={'0': [(639, 0), (639, 1), (639, 2), (639, 3), (639, 4), (639, 5), (639, 6), (639, 7), (639, 8), (639, 9), (639, 10), (639, 11), (638, 11), (637, 11), (636, 11), (635, 11), (635, 12), (635, 13), (635, 14), (635, 15), (635, 16), (635, 17), (636, 17), (637, 17), (637, 16), (637, 15), (637, 14), (637, 13), (638, 13), (639, 13), (639, 14), (639, 15), (639, 16), (639, 17), (639, 18), (639, 19), (639, 20)]}
2017-12-19 14:21:36,231=>now is (639, 20) finding next_point
2017-12-19 14:21:36,231=>removing (639, 19)
2017-12-19 14:21:36,231=>return points=[(639, 21)]
2017-12-19 14:21:36,231=>go_to_end start: ways={'0': [(639, 0), (639, 1), (639, 2), (639, 3), (639, 4), (639, 5), (639, 6), (639, 7), (639, 8), (639, 9), (639, 10), (639, 11), (638, 11), (637, 11), (636, 11), (635, 11), (635, 12), (635, 13), (635, 14), (635, 15), (635, 16), (635, 17), (636, 17), (637, 17), (637, 16), (637, 15), (637, 14), (637, 13), (638, 13), (639, 13), (639, 14), (639, 15), (639, 16), (639, 17), (639, 18), (639, 19), (639, 20), (639, 21)]}
2017-12-19 14:21:36,232=>now is (639, 21) finding next_point
2017-12-19 14:21:36,232=>removing (639, 20)
2017-12-19 14:21:36,232=>return points=[(639, 22)]
2017-12-19 14:21:36,232=>go_to_end start: ways={'0': [(639, 0), (639, 1), (639, 2), (639, 3), (639, 4), (639, 5), (639, 6), (639, 7), (639, 8), (639, 9), (639, 10), (639, 11), (638, 11), (637, 11), (636, 11), (635, 11), (635, 12), (635, 13), (635, 14), (635, 15), (635, 16), (635, 17), (636, 17), (637, 17), (637, 16), (637, 15), (637, 14), (637, 13), (638, 13), (639, 13), (639, 14), (639, 15), (639, 16), (639, 17), (639, 18), (639, 19), (639, 20), (639, 21), (639, 22)]}
2017-12-19 14:21:36,232=>now is (639, 22) finding next_point
2017-12-19 14:21:36,233=>removing (639, 21)
2017-12-19 14:21:36,233=>return points=[(639, 23)]
2017-12-19 14:21:36,234=>go_to_end start: ways={'0': [(639, 0), (639, 1), (639, 2), (639, 3), (639, 4), (639, 5), (639, 6), (639, 7), (639, 8), (639, 9), (639, 10), (639, 11), (638, 11), (637, 11), (636, 11), (635, 11), (635, 12), (635, 13), (635, 14), (635, 15), (635, 16), (635, 17), (636, 17), (637, 17), (637, 16), (637, 15), (637, 14), (637, 13), (638, 13), (639, 13), (639, 14), (639, 15), (639, 16), (639, 17), (639, 18), (639, 19), (639, 20), (639, 21), (639, 22), (639, 23)]}
2017-12-19 14:21:36,234=>now is (639, 23) finding next_point
2017-12-19 14:21:36,234=>removing (639, 22)
2017-12-19 14:21:36,234=>return points=[(638, 23)]
2017-12-19 14:21:36,234=>go_to_end start: ways={'0': [(639, 0), (639, 1), (639, 2), (639, 3), (639, 4), (639, 5), (639, 6), (639, 7), (639, 8), (639, 9), (639, 10), (639, 11), (638, 11), (637, 11), (636, 11), (635, 11), (635, 12), (635, 13), (635, 14), (635, 15), (635, 16), (635, 17), (636, 17), (637, 17), (637, 16), (637, 15), (637, 14), (637, 13), (638, 13), (639, 13), (639, 14), (639, 15), (639, 16), (639, 17), (639, 18), (639, 19), (639, 20), (639, 21), (639, 22), (639, 23), (638, 23)]}
2017-12-19 14:21:36,235=>now is (638, 23) finding next_point
2017-12-19 14:21:36,235=>removing (639, 23)
2017-12-19 14:21:36,235=>return points=[(637, 23)]
2017-12-19 14:21:36,235=>go_to_end start: ways={'0': [(639, 0), (639, 1), (639, 2), (639, 3), (639, 4), (639, 5), (639, 6), (639, 7), (639, 8), (639, 9), (639, 10), (639, 11), (638, 11), (637, 11), (636, 11), (635, 11), (635, 12), (635, 13), (635, 14), (635, 15), (635, 16), (635, 17), (636, 17), (637, 17), (637, 16), (637, 15), (637, 14), (637, 13), (638, 13), (639, 13), (639, 14), (639, 15), (639, 16), (639, 17), (639, 18), (639, 19), (639, 20), (639, 21), (639, 22), (639, 23), (638, 23), (637, 23)]}
2017-12-19 14:21:36,235=>now is (637, 23) finding next_point
2017-12-19 14:21:36,236=>removing (638, 23)
2017-12-19 14:21:36,236=>return points=[(637, 22)]
2017-12-19 14:21:36,236=>go_to_end start: ways={'0': [(639, 0), (639, 1), (639, 2), (639, 3), (639, 4), (639, 5), (639, 6), (639, 7), (639, 8), (639, 9), (639, 10), (639, 11), (638, 11), (637, 11), (636, 11), (635, 11), (635, 12), (635, 13), (635, 14), (635, 15), (635, 16), (635, 17), (636, 17), (637, 17), (637, 16), (637, 15), (637, 14), (637, 13), (638, 13), (639, 13), (639, 14), (639, 15), (639, 16), (639, 17), (639, 18), (639, 19), (639, 20), (639, 21), (639, 22), (639, 23), (638, 23), (637, 23), (637, 22)]}
2017-12-19 14:21:36,236=>now is (637, 22) finding next_point
2017-12-19 14:21:36,236=>removing (637, 23)
2017-12-19 14:21:36,236=>return points=[(637, 21)]
2017-12-19 14:21:36,237=>go_to_end start: ways={'0': [(639, 0), (639, 1), (639, 2), (639, 3), (639, 4), (639, 5), (639, 6), (639, 7), (639, 8), (639, 9), (639, 10), (639, 11), (638, 11), (637, 11), (636, 11), (635, 11), (635, 12), (635, 13), (635, 14), (635, 15), (635, 16), (635, 17), (636, 17), (637, 17), (637, 16), (637, 15), (637, 14), (637, 13), (638, 13), (639, 13), (639, 14), (639, 15), (639, 16), (639, 17), (639, 18), (639, 19), (639, 20), (639, 21), (639, 22), (639, 23), (638, 23), (637, 23), (637, 22), (637, 21)]}
2017-12-19 14:21:36,237=>now is (637, 21) finding next_point
2017-12-19 14:21:36,237=>removing (637, 22)
2017-12-19 14:21:36,237=>return points=[(636, 21)]
2017-12-19 14:21:36,238=>go_to_end start: ways={'0': [(639, 0), (639, 1), (639, 2), (639, 3), (639, 4), (639, 5), (639, 6), (639, 7), (639, 8), (639, 9), (639, 10), (639, 11), (638, 11), (637, 11), (636, 11), (635, 11), (635, 12), (635, 13), (635, 14), (635, 15), (635, 16), (635, 17), (636, 17), (637, 17), (637, 16), (637, 15), (637, 14), (637, 13), (638, 13), (639, 13), (639, 14), (639, 15), (639, 16), (639, 17), (639, 18), (639, 19), (639, 20), (639, 21), (639, 22), (639, 23), (638, 23), (637, 23), (637, 22), (637, 21), (636, 21)]}
2017-12-19 14:21:36,238=>now is (636, 21) finding next_point
2017-12-19 14:21:36,238=>removing (637, 21)
2017-12-19 14:21:36,239=>return points=[(635, 21)]
2017-12-19 14:21:36,239=>go_to_end start: ways={'0': [(639, 0), (639, 1), (639, 2), (639, 3), (639, 4), (639, 5), (639, 6), (639, 7), (639, 8), (639, 9), (639, 10), (639, 11), (638, 11), (637, 11), (636, 11), (635, 11), (635, 12), (635, 13), (635, 14), (635, 15), (635, 16), (635, 17), (636, 17), (637, 17), (637, 16), (637, 15), (637, 14), (637, 13), (638, 13), (639, 13), (639, 14), (639, 15), (639, 16), (639, 17), (639, 18), (639, 19), (639, 20), (639, 21), (639, 22), (639, 23), (638, 23), (637, 23), (637, 22), (637, 21), (636, 21), (635, 21)]}
2017-12-19 14:21:36,239=>now is (635, 21) finding next_point
2017-12-19 14:21:36,239=>removing (636, 21)
2017-12-19 14:21:36,239=>return points=[(635, 20)]
2017-12-19 14:21:36,240=>go_to_end start: ways={'0': [(639, 0), (639, 1), (639, 2), (639, 3), (639, 4), (639, 5), (639, 6), (639, 7), (639, 8), (639, 9), (639, 10), (639, 11), (638, 11), (637, 11), (636, 11), (635, 11), (635, 12), (635, 13), (635, 14), (635, 15), (635, 16), (635, 17), (636, 17), (637, 17), (637, 16), (637, 15), (637, 14), (637, 13), (638, 13), (639, 13), (639, 14), (639, 15), (639, 16), (639, 17), (639, 18), (639, 19), (639, 20), (639, 21), (639, 22), (639, 23), (638, 23), (637, 23), (637, 22), (637, 21), (636, 21), (635, 21), (635, 20)]}
2017-12-19 14:21:36,240=>now is (635, 20) finding next_point
2017-12-19 14:21:36,240=>removing (635, 21)
2017-12-19 14:21:36,240=>return points=[(635, 19)]
2017-12-19 14:21:36,240=>go_to_end start: ways={'0': [(639, 0), (639, 1), (639, 2), (639, 3), (639, 4), (639, 5), (639, 6), (639, 7), (639, 8), (639, 9), (639, 10), (639, 11), (638, 11), (637, 11), (636, 11), (635, 11), (635, 12), (635, 13), (635, 14), (635, 15), (635, 16), (635, 17), (636, 17), (637, 17), (637, 16), (637, 15), (637, 14), (637, 13), (638, 13), (639, 13), (639, 14), (639, 15), (639, 16), (639, 17), (639, 18), (639, 19), (639, 20), (639, 21), (639, 22), (639, 23), (638, 23), (637, 23), (637, 22), (637, 21), (636, 21), (635, 21), (635, 20), (635, 19)]}
2017-12-19 14:21:36,241=>now is (635, 19) finding next_point
2017-12-19 14:21:36,241=>removing (635, 20)
2017-12-19 14:21:36,241=>return points=[(636, 19), (634, 19)]
2017-12-19 14:21:36,241=>go_to_end start: ways={'0': [(639, 0), (639, 1), (639, 2), (639, 3), (639, 4), (639, 5), (639, 6), (639, 7), (639, 8), (639, 9), (639, 10), (639, 11), (638, 11), (637, 11), (636, 11), (635, 11), (635, 12), (635, 13), (635, 14), (635, 15), (635, 16), (635, 17), (636, 17), (637, 17), (637, 16), (637, 15), (637, 14), (637, 13), (638, 13), (639, 13), (639, 14), (639, 15), (639, 16), (639, 17), (639, 18), (639, 19), (639, 20), (639, 21), (639, 22), (639, 23), (638, 23), (637, 23), (637, 22), (637, 21), (636, 21), (635, 21), (635, 20), (635, 19), (636, 19)]}
2017-12-19 14:21:36,242=>now is (636, 19) finding next_point
2017-12-19 14:21:36,242=>removing (635, 19)
2017-12-19 14:21:36,242=>return points=[(637, 19)]
2017-12-19 14:21:36,243=>go_to_end start: ways={'0': [(639, 0), (639, 1), (639, 2), (639, 3), (639, 4), (639, 5), (639, 6), (639, 7), (639, 8), (639, 9), (639, 10), (639, 11), (638, 11), (637, 11), (636, 11), (635, 11), (635, 12), (635, 13), (635, 14), (635, 15), (635, 16), (635, 17), (636, 17), (637, 17), (637, 16), (637, 15), (637, 14), (637, 13), (638, 13), (639, 13), (639, 14), (639, 15), (639, 16), (639, 17), (639, 18), (639, 19), (639, 20), (639, 21), (639, 22), (639, 23), (638, 23), (637, 23), (637, 22), (637, 21), (636, 21), (635, 21), (635, 20), (635, 19), (636, 19), (637, 19)]}
2017-12-19 14:21:36,243=>now is (637, 19) finding next_point
2017-12-19 14:21:36,243=>removing (636, 19)
2017-12-19 14:21:36,243=>return None
2017-12-19 14:21:36,243=>delting way=0
